[0.043s] Invoking command in '/home/jetson/ros2_ws/build/camera_ros2-1': CMAKE_PREFIX_PATH=${CMAKE_PREFIX_PATH}:/opt/ros/foxy /usr/bin/cmake /home/jetson/ros2_ws/src/camera_ros2-1 -DAMENT_CMAKE_SYMLINK_INSTALL=1 -DCMAKE_INSTALL_PREFIX=/home/jetson/ros2_ws/install/camera_ros2-1
[0.682s] -- The C compiler identification is GNU 8.4.0
[1.143s] -- The CXX compiler identification is GNU 8.4.0
[1.168s] -- Check for working C compiler: /usr/bin/cc
[1.396s] -- Check for working C compiler: /usr/bin/cc -- works
[1.402s] -- Detecting C compiler ABI info
[1.629s] -- Detecting C compiler ABI info - done
[1.681s] -- Detecting C compile features
[1.683s] -- Detecting C compile features - done
[1.696s] -- Check for working CXX compiler: /usr/bin/c++
[1.996s] -- Check for working CXX compiler: /usr/bin/c++ -- works
[2.000s] -- Detecting CXX compiler ABI info
[2.274s] -- Detecting CXX compiler ABI info - done
[2.324s] -- Detecting CXX compile features
[2.326s] -- Detecting CXX compile features - done
[2.347s] -- Found ament_cmake: 0.9.12 (/opt/ros/foxy/share/ament_cmake/cmake)
[2.458s] -- Found PythonInterp: /usr/bin/python3 (found suitable version "3.8.10", minimum required is "3") 
[2.459s] -- Using PYTHON_EXECUTABLE: /usr/bin/python3
[3.343s] -- Override CMake install command with custom implementation using symlinks instead of copying resources
[3.484s] -- Found rclcpp: 2.4.3 (/opt/ros/foxy/share/rclcpp/cmake)
[3.728s] -- Using all available rosidl_typesupport_c: rosidl_typesupport_fastrtps_c;rosidl_typesupport_introspection_c
[3.769s] -- Found rosidl_adapter: 1.3.1 (/opt/ros/foxy/share/rosidl_adapter/cmake)
[4.175s] -- Found OpenSSL: /usr/lib/aarch64-linux-gnu/libcrypto.so (found version "1.1.1f")  
[4.302s] -- Found FastRTPS: /opt/ros/foxy/include  
[4.706s] -- Using all available rosidl_typesupport_cpp: rosidl_typesupport_fastrtps_cpp;rosidl_typesupport_introspection_cpp
[5.038s] -- Found rmw_implementation_cmake: 1.0.4 (/opt/ros/foxy/share/rmw_implementation_cmake/cmake)
[5.047s] -- Using RMW implementation 'rmw_fastrtps_cpp' as default
[5.054s] -- Looking for pthread.h
[5.293s] -- Looking for pthread.h - found
[5.293s] -- Performing Test CMAKE_HAVE_LIBC_PTHREAD
[5.533s] -- Performing Test CMAKE_HAVE_LIBC_PTHREAD - Failed
[5.534s] -- Looking for pthread_create in pthreads
[5.738s] -- Looking for pthread_create in pthreads - not found
[5.739s] -- Looking for pthread_create in pthread
[5.963s] -- Looking for pthread_create in pthread - found
[5.967s] -- Found Threads: TRUE  
[6.711s] -- Found sensor_msgs: 2.0.5 (/opt/ros/foxy/share/sensor_msgs/cmake)
[7.262s] -- Found cv_bridge: 3.0.7 (/opt/ros/foxy/share/cv_bridge/cmake)
[7.343s] -- Found CUDA: /usr/local/cuda (found suitable exact version "10.2") 
[7.542s] -- Found OpenCV: /usr (found version "4.8.0") 
[7.943s] -- Configuring done
[8.101s] -- Generating done
[8.107s] -- Build files have been written to: /home/jetson/ros2_ws/build/camera_ros2-1
[8.141s] Invoked command in '/home/jetson/ros2_ws/build/camera_ros2-1' returned '0': CMAKE_PREFIX_PATH=${CMAKE_PREFIX_PATH}:/opt/ros/foxy /usr/bin/cmake /home/jetson/ros2_ws/src/camera_ros2-1 -DAMENT_CMAKE_SYMLINK_INSTALL=1 -DCMAKE_INSTALL_PREFIX=/home/jetson/ros2_ws/install/camera_ros2-1
[8.149s] Invoking command in '/home/jetson/ros2_ws/build/camera_ros2-1': CMAKE_PREFIX_PATH=${CMAKE_PREFIX_PATH}:/opt/ros/foxy /usr/bin/cmake --build /home/jetson/ros2_ws/build/camera_ros2-1 -- -j4 -l4
[8.287s] [35m[1mScanning dependencies of target pub1[0m
[8.289s] [35m[1mScanning dependencies of target sub1[0m
[8.662s] [ 25%] [32mBuilding CXX object CMakeFiles/pub1.dir/src/pub1.cpp.o[0m
[8.680s] [ 50%] [32mBuilding CXX object CMakeFiles/sub1.dir/src/sub1.cpp.o[0m
[17.780s] [01m[K/home/jetson/ros2_ws/src/camera_ros2-1/src/sub1.cpp:[m[K In function â€˜[01m[Kvoid mysub_callback(rclcpp::Node::SharedPtr, sensor_msgs::msg::CompressedImage_<std::allocator<void> >::SharedPtr)[m[Kâ€™:
[17.781s] [01m[K/home/jetson/ros2_ws/src/camera_ros2-1/src/sub1.cpp:14:30:[m[K [01;31m[Kerror: [m[Kâ€˜[01m[Kgray[m[Kâ€™ was not declared in this scope
[17.781s]      cv::cvtColor(frame_gray, [01;31m[Kgray[m[K, cv::COLOR_BGR2GRAY);
[17.782s]                               [01;31m[K^~~~[m[K
[17.787s] [01m[K/home/jetson/ros2_ws/src/camera_ros2-1/src/sub1.cpp:17:33:[m[K [01;31m[Kerror: [m[Kâ€˜[01m[Kbinary[m[Kâ€™ was not declared in this scope
[17.788s]      cv::threshold(frame_binary, [01;31m[Kbinary[m[K, 128, 255, cv::THRESH_BINARY);
[17.788s]                                  [01;31m[K^~~~~~[m[K
[17.801s] In file included from [01m[K/opt/ros/foxy/include/rclcpp/client.hpp:40[m[K,
[17.803s]                  from [01m[K/opt/ros/foxy/include/rclcpp/callback_group.hpp:23[m[K,
[17.805s]                  from [01m[K/opt/ros/foxy/include/rclcpp/any_executable.hpp:20[m[K,
[17.805s]                  from [01m[K/opt/ros/foxy/include/rclcpp/memory_strategy.hpp:24[m[K,
[17.807s]                  from [01m[K/opt/ros/foxy/include/rclcpp/memory_strategies.hpp:18[m[K,
[17.809s]                  from [01m[K/opt/ros/foxy/include/rclcpp/executor_options.hpp:20[m[K,
[17.811s]                  from [01m[K/opt/ros/foxy/include/rclcpp/executor.hpp:33[m[K,
[17.811s]                  from [01m[K/opt/ros/foxy/include/rclcpp/executors/multi_threaded_executor.hpp:26[m[K,
[17.812s]                  from [01m[K/opt/ros/foxy/include/rclcpp/executors.hpp:21[m[K,
[17.812s]                  from [01m[K/opt/ros/foxy/include/rclcpp/rclcpp.hpp:146[m[K,
[17.813s]                  from [01m[K/home/jetson/ros2_ws/src/camera_ros2-1/src/sub1.cpp:1[m[K:
[17.813s] [01m[K/home/jetson/ros2_ws/src/camera_ros2-1/src/sub1.cpp:24:86:[m[K [01;31m[Kerror: [m[Kâ€˜[01m[Kframe[m[Kâ€™ was not declared in this scope
[17.814s]      RCLCPP_INFO(node->get_logger(), "Received Image : %s,%d,%d", msg->format.c_str(),[01;31m[Kframe[m[K.rows,frame.cols);
[17.814s]                                                                                       [01;31m[K^~~~~[m[K
[17.815s] [01m[K/home/jetson/ros2_ws/src/camera_ros2-1/src/sub1.cpp:24:86:[m[K [01;36m[Knote: [m[Ksuggested alternative: â€˜[01m[Kfree[m[Kâ€™
[24.287s] [ 75%] [32m[1mLinking CXX executable pub1[0m
[25.471s] make[2]: *** [CMakeFiles/sub1.dir/build.make:63: CMakeFiles/sub1.dir/src/sub1.cpp.o] Error 1
[25.472s] make[1]: *** [CMakeFiles/Makefile2:80: CMakeFiles/sub1.dir/all] Error 2
[25.472s] make[1]: *** Waiting for unfinished jobs....
[27.190s] /usr/bin/ld: warning: libopencv_core.so.4.2, needed by /opt/ros/foxy/lib/libcv_bridge.so, may conflict with libopencv_core.so.408
[27.224s] [ 75%] Built target pub1
[27.228s] make: *** [Makefile:141: all] Error 2
[27.234s] Invoked command in '/home/jetson/ros2_ws/build/camera_ros2-1' returned '2': CMAKE_PREFIX_PATH=${CMAKE_PREFIX_PATH}:/opt/ros/foxy /usr/bin/cmake --build /home/jetson/ros2_ws/build/camera_ros2-1 -- -j4 -l4
