[0.040s] Invoking command in '/home/jetson/ros2_ws/build/camera_ros2-1': CMAKE_PREFIX_PATH=${CMAKE_PREFIX_PATH}:/opt/ros/foxy /usr/bin/cmake --build /home/jetson/ros2_ws/build/camera_ros2-1 -- -j4 -l4
[0.199s] [35m[1mScanning dependencies of target sub1[0m
[0.297s] [ 50%] Built target pub1
[0.328s] [ 75%] [32mBuilding CXX object CMakeFiles/sub1.dir/src/sub1.cpp.o[0m
[8.606s] In file included from [01m[K/opt/ros/foxy/include/rclcpp/client.hpp:40[m[K,
[8.607s]                  from [01m[K/opt/ros/foxy/include/rclcpp/callback_group.hpp:23[m[K,
[8.607s]                  from [01m[K/opt/ros/foxy/include/rclcpp/any_executable.hpp:20[m[K,
[8.608s]                  from [01m[K/opt/ros/foxy/include/rclcpp/memory_strategy.hpp:24[m[K,
[8.608s]                  from [01m[K/opt/ros/foxy/include/rclcpp/memory_strategies.hpp:18[m[K,
[8.609s]                  from [01m[K/opt/ros/foxy/include/rclcpp/executor_options.hpp:20[m[K,
[8.609s]                  from [01m[K/opt/ros/foxy/include/rclcpp/executor.hpp:33[m[K,
[8.610s]                  from [01m[K/opt/ros/foxy/include/rclcpp/executors/multi_threaded_executor.hpp:26[m[K,
[8.610s]                  from [01m[K/opt/ros/foxy/include/rclcpp/executors.hpp:21[m[K,
[8.611s]                  from [01m[K/opt/ros/foxy/include/rclcpp/rclcpp.hpp:146[m[K,
[8.611s]                  from [01m[K/home/jetson/ros2_ws/src/camera_ros2-1/src/sub1.cpp:1[m[K:
[8.611s] [01m[K/home/jetson/ros2_ws/src/camera_ros2-1/src/sub1.cpp:[m[K In function â€˜[01m[Kvoid mysub_callback(rclcpp::Node::SharedPtr, sensor_msgs::msg::CompressedImage_<std::allocator<void> >::SharedPtr)[m[Kâ€™:
[8.612s] [01m[K/home/jetson/ros2_ws/src/camera_ros2-1/src/sub1.cpp:24:86:[m[K [01;31m[Kerror: [m[Kâ€˜[01m[Kframe[m[Kâ€™ was not declared in this scope
[8.613s]      RCLCPP_INFO(node->get_logger(), "Received Image : %s,%d,%d", msg->format.c_str(),[01;31m[Kframe[m[K.rows,frame.cols);
[8.613s]                                                                                       [01;31m[K^~~~~[m[K
[8.614s] [01m[K/home/jetson/ros2_ws/src/camera_ros2-1/src/sub1.cpp:24:86:[m[K [01;36m[Knote: [m[Ksuggested alternative: â€˜[01m[Kfree[m[Kâ€™
[15.476s] make[2]: *** [CMakeFiles/sub1.dir/build.make:63: CMakeFiles/sub1.dir/src/sub1.cpp.o] Error 1
[15.476s] make[1]: *** [CMakeFiles/Makefile2:80: CMakeFiles/sub1.dir/all] Error 2
[15.477s] make: *** [Makefile:141: all] Error 2
[15.484s] Invoked command in '/home/jetson/ros2_ws/build/camera_ros2-1' returned '2': CMAKE_PREFIX_PATH=${CMAKE_PREFIX_PATH}:/opt/ros/foxy /usr/bin/cmake --build /home/jetson/ros2_ws/build/camera_ros2-1 -- -j4 -l4
